Tue Aug 11 23:52:36 EDT 2015
Tue Aug 11 23:53:33 EDT 2015
Wed Aug 12 00:28:22 EDT 2015
Wed Aug 12 01:28:25 EDT 2015
Wed Aug 12 02:28:20 EDT 2015
Wed Aug 12 03:28:19 EDT 2015
Wed Aug 12 04:28:20 EDT 2015
Wed Aug 12 05:28:20 EDT 2015
Wed Aug 12 06:28:19 EDT 2015
Wed Aug 12 07:28:19 EDT 2015
Wed Aug 12 08:28:20 EDT 2015
Thu Aug 13 03:52:17 EDT 2015
Fri Aug 14 03:52:16 EDT 2015
Sat Aug 15 03:52:16 EDT 2015
Sun Aug 16 03:52:16 EDT 2015
Mon Aug 17 03:52:17 EDT 2015
Tue Aug 18 03:52:17 EDT 2015
Wed Aug 19 03:52:17 EDT 2015
Thu Aug 20 03:52:17 EDT 2015
Fri Aug 21 03:52:17 EDT 2015
Sat Aug 22 03:52:19 EDT 2015
Sun Aug 23 03:52:24 EDT 2015
Mon Aug 24 03:52:24 EDT 2015
Tue Aug 25 03:52:25 EDT 2015
Wed Aug 26 03:52:25 EDT 2015
Thu Aug 27 03:52:25 EDT 2015
Fri Aug 28 03:52:25 EDT 2015
Sat Aug 29 03:52:11 EDT 2015
Sun Aug 30 03:52:11 EDT 2015
Mon Aug 31 03:52:13 EDT 2015
Tue Sep 1 03:52:19 EDT 2015
Wed Sep 2 03:52:12 EDT 2015
Thu Sep 3 03:52:12 EDT 2015
Fri Sep 4 03:52:12 EDT 2015
Sat Sep 5 03:52:11 EDT 2015
Sun Sep 6 03:52:11 EDT 2015
Mon Sep 7 03:52:12 EDT 2015
Tue Sep 8 03:52:12 EDT 2015
Wed Sep 9 03:52:12 EDT 2015
Thu Sep 10 03:52:12 EDT 2015
Fri Sep 11 03:52:12 EDT 2015
Sat Sep 12 03:52:11 EDT 2015
Sun Sep 13 03:52:12 EDT 2015
Mon Sep 14 03:52:12 EDT 2015
Tue Sep 15 03:52:12 EDT 2015
Wed Sep 16 03:52:13 EDT 2015
Thu Sep 17 03:52:13 EDT 2015
Fri Sep 18 03:52:12 EDT 2015
Sat Sep 19 03:52:12 EDT 2015
Sun Sep 20 03:52:12 EDT 2015
Mon Sep 21 03:52:13 EDT 2015
Tue Sep 22 03:52:12 EDT 2015
Wed Sep 23 03:52:12 EDT 2015
Thu Sep 24 03:52:12 EDT 2015
Fri Sep 25 03:53:29 EDT 2015
Sat Sep 26 03:52:12 EDT 2015
Sun Sep 27 03:52:11 EDT 2015
Mon Sep 28 03:52:12 EDT 2015
Tue Sep 29 03:52:13 EDT 2015
Wed Sep 30 03:52:14 EDT 2015
Thu Oct 1 03:52:13 EDT 2015
Fri Oct 2 03:52:12 EDT 2015
Sat Oct 3 03:52:12 EDT 2015
Sun Oct 4 03:52:12 EDT 2015
Mon Oct 5 03:52:12 EDT 2015
Tue Oct 6 03:52:13 EDT 2015
Wed Oct 7 03:52:14 EDT 2015
Thu Oct 8 03:52:13 EDT 2015
Fri Oct 9 03:52:13 EDT 2015
Sat Oct 10 03:52:12 EDT 2015
Sun Oct 11 03:54:31 EDT 2015
Mon Oct 12 03:52:12 EDT 2015
Tue Oct 13 03:52:13 EDT 2015
Wed Oct 14 03:52:13 EDT 2015
Thu Oct 15 03:52:13 EDT 2015
Fri Oct 16 03:52:12 EDT 2015
Sat Oct 17 03:52:12 EDT 2015
Sun Oct 18 03:52:12 EDT 2015
Mon Oct 19 03:52:12 EDT 2015
Tue Oct 20 03:52:12 EDT 2015
Wed Oct 21 03:52:12 EDT 2015
Thu Oct 22 03:52:12 EDT 2015
Fri Oct 23 03:52:12 EDT 2015
Sat Oct 24 03:52:12 EDT 2015
Sun Oct 25 03:52:11 EDT 2015
Mon Oct 26 03:52:12 EDT 2015
Tue Oct 27 03:52:11 EDT 2015
Wed Oct 28 03:52:12 EDT 2015
Thu Oct 29 03:52:13 EDT 2015
Fri Oct 30 03:52:44 EDT 2015
Sat Oct 31 03:52:11 EDT 2015
Sun Nov 1 03:52:11 EST 2015
Mon Nov 2 03:52:12 EST 2015
Tue Nov 3 03:52:13 EST 2015
Wed Nov 4 03:52:13 EST 2015
Thu Nov 5 03:52:12 EST 2015
Fri Nov 6 03:52:13 EST 2015
Sat Nov 7 03:52:12 EST 2015
Sun Nov 8 03:52:36 EST 2015
Wed Nov 11 03:52:12 EST 2015
Thu Nov 12 03:52:14 EST 2015
Fri Nov 13 03:52:14 EST 2015
Sat Nov 14 03:52:13 EST 2015
Sun Nov 15 03:52:13 EST 2015
Mon Nov 16 03:52:15 EST 2015
Tue Nov 17 03:52:15 EST 2015
Wed Nov 18 03:52:15 EST 2015
Thu Nov 19 03:52:15 EST 2015
Fri Nov 20 03:52:16 EST 2015
Sat Nov 21 03:52:15 EST 2015
Sun Nov 22 03:52:14 EST 2015
Mon Nov 23 03:52:16 EST 2015
Tue Nov 24 03:52:15 EST 2015
Wed Nov 25 03:52:15 EST 2015
Thu Nov 26 03:52:14 EST 2015
Fri Nov 27 03:52:14 EST 2015
Sat Nov 28 03:55:22 EST 2015
Sun Nov 29 03:52:13 EST 2015
Mon Nov 30 03:52:14 EST 2015
Tue Dec 1 03:52:15 EST 2015
Wed Dec 2 03:52:14 EST 2015
Thu Dec 3 03:52:14 EST 2015
Fri Dec 4 03:52:14 EST 2015
Sat Dec 5 03:52:13 EST 2015
Sun Dec 6 03:52:13 EST 2015
Mon Dec 7 03:52:16 EST 2015
Tue Dec 8 03:52:14 EST 2015
Wed Dec 9 03:52:14 EST 2015
Thu Dec 10 03:52:14 EST 2015
Fri Dec 11 03:52:15 EST 2015
Sat Dec 12 03:52:14 EST 2015
Sun Dec 13 03:52:14 EST 2015
Mon Dec 14 03:52:16 EST 2015
Tue Dec 15 03:52:16 EST 2015
Wed Dec 16 03:52:15 EST 2015
Thu Dec 17 03:52:16 EST 2015
Fri Dec 18 03:52:14 EST 2015
Sat Dec 19 03:52:12 EST 2015
Sun Dec 20 03:52:13 EST 2015
Mon Dec 21 03:52:14 EST 2015
Tue Dec 22 03:52:15 EST 2015
Wed Dec 23 03:52:14 EST 2015
Thu Dec 24 04:09:16 EST 2015
Fri Dec 25 03:52:12 EST 2015
Sat Dec 26 04:55:01 EST 2015
Sun Dec 27 03:52:12 EST 2015
Mon Dec 28 03:52:14 EST 2015
Tue Dec 29 03:52:13 EST 2015
Wed Dec 30 03:52:14 EST 2015
Thu Dec 31 03:52:14 EST 2015
Fri Jan 1 03:52:13 EST 2016
Sat Jan 2 03:52:13 EST 2016
Sun Jan 3 03:52:12 EST 2016
Mon Jan 4 03:52:14 EST 2016
Tue Jan 5 03:52:15 EST 2016
Wed Jan 6 03:52:16 EST 2016
Thu Jan 7 03:52:14 EST 2016
Fri Jan 8 03:52:14 EST 2016
Sat Jan 9 03:52:13 EST 2016
Sun Jan 10 03:52:13 EST 2016
Mon Jan 11 03:52:14 EST 2016
Tue Jan 12 03:52:14 EST 2016
Wed Jan 13 03:52:17 EST 2016
Thu Jan 14 03:52:15 EST 2016
Fri Jan 15 03:52:14 EST 2016
Sat Jan 16 04:16:22 EST 2016
Sun Jan 17 03:52:13 EST 2016
Mon Jan 18 03:52:14 EST 2016
Tue Jan 19 03:52:15 EST 2016
Wed Jan 20 03:52:15 EST 2016
Thu Jan 21 03:52:15 EST 2016
Fri Jan 22 03:52:14 EST 2016
Sat Jan 23 03:52:13 EST 2016
Sun Jan 24 03:52:13 EST 2016
Mon Jan 25 03:52:15 EST 2016
Tue Jan 26 03:52:15 EST 2016
Wed Jan 27 03:52:15 EST 2016
Thu Jan 28 03:52:14 EST 2016
Fri Jan 29 03:52:14 EST 2016
Sat Jan 30 03:52:13 EST 2016
Sun Jan 31 03:52:13 EST 2016
Mon Feb 1 03:52:15 EST 2016
Tue Feb 2 03:52:14 EST 2016
Wed Feb 3 04:43:02 EST 2016
Thu Feb 4 04:24:12 EST 2016
Fri Feb 5 03:52:14 EST 2016
Sat Feb 6 04:10:08 EST 2016
Sun Feb 7 03:52:14 EST 2016
Mon Feb 8 05:14:50 EST 2016
Tue Feb 9 05:14:51 EST 2016
Wed Feb 10 05:14:50 EST 2016
Thu Feb 11 05:14:51 EST 2016
Fri Feb 12 05:14:51 EST 2016
Sat Feb 13 05:14:50 EST 2016
Sun Feb 14 05:14:51 EST 2016
Mon Feb 15 05:14:51 EST 2016
Tue Feb 16 05:14:51 EST 2016
Wed Feb 17 05:14:51 EST 2016
Thu Feb 18 05:14:51 EST 2016
Fri Feb 19 05:14:51 EST 2016
Sat Feb 20 05:14:51 EST 2016
Sun Feb 21 05:14:51 EST 2016
Mon Feb 22 05:14:51 EST 2016
Tue Feb 23 05:14:50 EST 2016
Wed Feb 24 05:14:51 EST 2016
Thu Feb 25 05:14:50 EST 2016
Fri Feb 26 05:14:51 EST 2016
Sat Feb 27 05:14:51 EST 2016
Sun Feb 28 05:14:51 EST 2016
Mon Feb 29 05:14:51 EST 2016
Tue Mar 1 05:14:50 EST 2016
Wed Mar 2 05:14:51 EST 2016
Thu Mar 3 05:14:51 EST 2016
Fri Mar 4 05:14:50 EST 2016
Sat Mar 5 05:14:51 EST 2016
Sun Mar 6 05:14:51 EST 2016
Mon Mar 7 05:14:50 EST 2016
Tue Mar 8 05:14:50 EST 2016
Wed Mar 9 05:14:51 EST 2016
Thu Mar 10 05:14:51 EST 2016
Fri Mar 11 05:14:51 EST 2016
Sat Mar 12 05:14:51 EST 2016
Sun Mar 13 05:14:51 EDT 2016
Mon Mar 14 05:14:50 EDT 2016
Tue Mar 15 05:14:50 EDT 2016
Wed Mar 16 05:14:51 EDT 2016
Thu Mar 17 05:14:51 EDT 2016
Fri Mar 18 05:14:50 EDT 2016
Sat Mar 19 05:14:51 EDT 2016
Sun Mar 20 05:14:51 EDT 2016
Mon Mar 21 05:14:51 EDT 2016
Tue Mar 22 05:14:51 EDT 2016
Wed Mar 23 05:14:50 EDT 2016
Thu Mar 24 05:14:51 EDT 2016
Fri Mar 25 05:14:51 EDT 2016
Sat Mar 26 05:14:50 EDT 2016
Sun Mar 27 05:14:51 EDT 2016
Mon Mar 28 05:14:51 EDT 2016
Tue Mar 29 05:14:50 EDT 2016
Wed Mar 30 05:14:51 EDT 2016
Thu Mar 31 05:14:51 EDT 2016
Fri Apr 1 05:14:51 EDT 2016
Sat Apr 2 05:14:50 EDT 2016
Sun Apr 3 05:14:51 EDT 2016
Mon Apr 4 05:14:51 EDT 2016
Tue Apr 5 05:14:50 EDT 2016
Wed Apr 6 05:14:51 EDT 2016
Thu Apr 7 05:14:50 EDT 2016
Fri Apr 8 05:14:51 EDT 2016
Sat Apr 9 05:14:50 EDT 2016
Sun Apr 10 05:14:51 EDT 2016
Mon Apr 11 05:14:51 EDT 2016
Tue Apr 12 05:14:50 EDT 2016
Wed Apr 13 05:14:51 EDT 2016
Thu Apr 14 05:14:50 EDT 2016
Fri Apr 15 05:14:50 EDT 2016
Sat Apr 16 05:14:51 EDT 2016
Sun Apr 17 05:14:51 EDT 2016
Mon Apr 18 05:14:50 EDT 2016
Tue Apr 19 05:14:51 EDT 2016
Wed Apr 20 05:14:51 EDT 2016
Thu Apr 21 05:14:50 EDT 2016
Fri Apr 22 05:14:51 EDT 2016
Sat Apr 23 05:14:51 EDT 2016
Sun Apr 24 05:14:50 EDT 2016
Mon Apr 25 05:14:50 EDT 2016
Tue Apr 26 05:14:51 EDT 2016
Wed Apr 27 05:14:51 EDT 2016
Thu Apr 28 05:14:50 EDT 2016
Fri Apr 29 05:14:51 EDT 2016
Sat Apr 30 05:14:51 EDT 2016
Sun May 1 05:14:50 EDT 2016
Mon May 2 05:14:51 EDT 2016
Tue May 3 05:14:51 EDT 2016
Wed May 4 05:14:50 EDT 2016
Thu May 5 05:14:51 EDT 2016
Fri May 6 05:14:51 EDT 2016
Sat May 7 05:14:50 EDT 2016
Sun May 8 05:14:51 EDT 2016
Mon May 9 05:14:51 EDT 2016
Tue May 10 05:14:50 EDT 2016
Wed May 11 05:14:51 EDT 2016
Thu May 12 05:14:51 EDT 2016
Fri May 13 05:14:50 EDT 2016
Sat May 14 05:14:51 EDT 2016
Sun May 15 05:14:51 EDT 2016
Mon May 16 05:14:50 EDT 2016
Tue May 17 05:14:51 EDT 2016
Wed May 18 05:14:50 EDT 2016
Thu May 19 05:14:51 EDT 2016
Fri May 20 05:14:51 EDT 2016
Sat May 21 05:14:51 EDT 2016
Sun May 22 05:14:50 EDT 2016
Mon May 23 05:14:51 EDT 2016
Tue May 24 05:14:50 EDT 2016
Wed May 25 05:14:50 EDT 2016
Thu May 26 05:14:51 EDT 2016
Fri May 27 05:14:51 EDT 2016
Sat May 28 05:14:50 EDT 2016
Sun May 29 05:14:51 EDT 2016
Mon May 30 05:14:51 EDT 2016
Tue May 31 05:14:51 EDT 2016
Wed Jun 1 05:14:51 EDT 2016
Thu Jun 2 05:14:51 EDT 2016
Fri Jun 3 05:14:50 EDT 2016
Sat Jun 4 05:14:51 EDT 2016
Sun Jun 5 05:14:51 EDT 2016
Mon Jun 6 05:14:50 EDT 2016
Tue Jun 7 05:14:50 EDT 2016
Wed Jun 8 05:14:51 EDT 2016
Thu Jun 9 05:14:51 EDT 2016
Fri Jun 10 05:14:50 EDT 2016
Sat Jun 11 05:14:51 EDT 2016
Sun Jun 12 05:14:51 EDT 2016
Mon Jun 13 05:14:51 EDT 2016
Tue Jun 14 05:14:51 EDT 2016
Wed Jun 15 05:14:50 EDT 2016
Thu Jun 16 05:14:51 EDT 2016
Fri Jun 17 05:14:51 EDT 2016
Sat Jun 18 05:14:51 EDT 2016
Sun Jun 19 05:14:51 EDT 2016
Mon Jun 20 05:14:50 EDT 2016
Tue Jun 21 05:14:50 EDT 2016
Wed Jun 22 05:14:50 EDT 2016
Thu Jun 23 05:14:50 EDT 2016
Fri Jun 24 05:14:50 EDT 2016
Sat Jun 25 05:14:51 EDT 2016
Sun Jun 26 05:14:51 EDT 2016
Mon Jun 27 05:14:51 EDT 2016
Tue Jun 28 05:14:51 EDT 2016
Wed Jun 29 05:14:50 EDT 2016
Thu Jun 30 05:14:50 EDT 2016
Fri Jul 1 05:14:50 EDT 2016
Sat Jul 2 05:14:50 EDT 2016
Sun Jul 3 05:14:50 EDT 2016
Mon Jul 4 05:14:50 EDT 2016
Tue Jul 5 05:14:51 EDT 2016
Wed Jul 6 05:14:51 EDT 2016
Thu Jul 7 05:14:51 EDT 2016
Fri Jul 8 05:14:51 EDT 2016
Sat Jul 9 05:14:51 EDT 2016
Sun Jul 10 05:14:51 EDT 2016
Mon Jul 11 05:14:51 EDT 2016
Tue Jul 12 05:14:51 EDT 2016
Wed Jul 13 05:14:51 EDT 2016
Thu Jul 14 05:14:51 EDT 2016
Fri Jul 15 05:14:51 EDT 2016
Sat Jul 16 05:14:51 EDT 2016
Sun Jul 17 05:14:50 EDT 2016
Mon Jul 18 05:14:50 EDT 2016
Tue Jul 19 05:14:50 EDT 2016
Wed Jul 20 05:14:51 EDT 2016
Thu Jul 21 05:14:51 EDT 2016
Fri Jul 22 05:14:51 EDT 2016
Sat Jul 23 05:14:51 EDT 2016
Sun Jul 24 05:14:51 EDT 2016
Mon Jul 25 05:14:51 EDT 2016
Tue Jul 26 05:14:51 EDT 2016
Wed Jul 27 05:14:51 EDT 2016
